---------------------------------------
Begin PBS Prologue Wed May  4 21:55:52 EDT 2022
Job ID:     4472538.sched-torque.pace.gatech.edu
User ID:    hmanjunatha6
Job name:   imitation
Queue:      inferno
End PBS Prologue Wed May  4 21:55:52 EDT 2022
---------------------------------------
stty: standard input: Inappropriate ioctl for device
/storage/home/hcoda1/4/hmanjunatha6/.conda/envs/carla/lib/python3.9/site-packages/torch/nn/modules/lazy.py:178: UserWarning: Lazy modules are a new feature under heavy development so changes to the API or functionality can happen at any moment.
  warnings.warn('Lazy modules are a new feature under heavy development '
/storage/home/hcoda1/4/hmanjunatha6/.conda/envs/carla/lib/python3.9/site-packages/torch/utils/data/dataloader.py:478: UserWarning: This DataLoader will create 8 worker processes in total. Our suggested max number of worker in current system is 4, which is smaller than what this DataLoader is going to create. Please be aware that excessive worker creation might get DataLoader running slow or even freeze, lower the worker number to avoid potential slowness/freeze if necessary.
  warnings.warn(_create_warning_msg(
GPU available: True, used: True
TPU available: False, using: 0 TPU cores
IPU available: False, using: 0 IPUs
LOCAL_RANK: 0 - CUDA_VISIBLE_DEVICES: [0]
Missing logger folder: logs/2022-05-04/WARMSTART/warm_start
/storage/home/hcoda1/4/hmanjunatha6/.conda/envs/carla/lib/python3.9/site-packages/pytorch_lightning/utilities/model_summary.py:438: UserWarning: A layer with UninitializedParameter was found. Thus, the total number of parameters detected may be inaccurate.
  warning_cache.warn(

  | Name | Type           | Params
----------------------------------------
0 | net  | CIRLBasePolicy | 1.7 M 
----------------------------------------
1.7 M     Trainable params
0         Non-trainable params
1.7 M     Total params
6.812     Total estimated model params size (MB)
pygame 2.1.2 (SDL 2.0.16, Python 3.9.10)
Hello from the pygame community. https://www.pygame.org/contribute.html
[1;32mRunning the block    |  warm_starting[0m
Traceback (most recent call last):
  File "/storage/scratch1/4/hmanjunatha6/carla-imitation-learning/train.py", line 74, in <module>
    trainer.fit(model)
  File "/storage/home/hcoda1/4/hmanjunatha6/.conda/envs/carla/lib/python3.9/site-packages/pytorch_lightning/trainer/trainer.py", line 740, in fit
    self._call_and_handle_interrupt(
  File "/storage/home/hcoda1/4/hmanjunatha6/.conda/envs/carla/lib/python3.9/site-packages/pytorch_lightning/trainer/trainer.py", line 685, in _call_and_handle_interrupt
    return trainer_fn(*args, **kwargs)
  File "/storage/home/hcoda1/4/hmanjunatha6/.conda/envs/carla/lib/python3.9/site-packages/pytorch_lightning/trainer/trainer.py", line 777, in _fit_impl
    self._run(model, ckpt_path=ckpt_path)
  File "/storage/home/hcoda1/4/hmanjunatha6/.conda/envs/carla/lib/python3.9/site-packages/pytorch_lightning/trainer/trainer.py", line 1199, in _run
    self._dispatch()
  File "/storage/home/hcoda1/4/hmanjunatha6/.conda/envs/carla/lib/python3.9/site-packages/pytorch_lightning/trainer/trainer.py", line 1279, in _dispatch
    self.training_type_plugin.start_training(self)
  File "/storage/home/hcoda1/4/hmanjunatha6/.conda/envs/carla/lib/python3.9/site-packages/pytorch_lightning/plugins/training_type/training_type_plugin.py", line 202, in start_training
    self._results = trainer.run_stage()
  File "/storage/home/hcoda1/4/hmanjunatha6/.conda/envs/carla/lib/python3.9/site-packages/pytorch_lightning/trainer/trainer.py", line 1289, in run_stage
    return self._run_train()
  File "/storage/home/hcoda1/4/hmanjunatha6/.conda/envs/carla/lib/python3.9/site-packages/pytorch_lightning/trainer/trainer.py", line 1319, in _run_train
    self.fit_loop.run()
  File "/storage/home/hcoda1/4/hmanjunatha6/.conda/envs/carla/lib/python3.9/site-packages/pytorch_lightning/loops/base.py", line 145, in run
    self.advance(*args, **kwargs)
  File "/storage/home/hcoda1/4/hmanjunatha6/.conda/envs/carla/lib/python3.9/site-packages/pytorch_lightning/loops/fit_loop.py", line 234, in advance
    self.epoch_loop.run(data_fetcher)
  File "/storage/home/hcoda1/4/hmanjunatha6/.conda/envs/carla/lib/python3.9/site-packages/pytorch_lightning/loops/base.py", line 151, in run
    output = self.on_run_end()
  File "/storage/home/hcoda1/4/hmanjunatha6/.conda/envs/carla/lib/python3.9/site-packages/pytorch_lightning/loops/epoch/training_epoch_loop.py", line 298, in on_run_end
    self.trainer.call_hook("on_train_epoch_end")
  File "/storage/home/hcoda1/4/hmanjunatha6/.conda/envs/carla/lib/python3.9/site-packages/pytorch_lightning/trainer/trainer.py", line 1495, in call_hook
    callback_fx(*args, **kwargs)
  File "/storage/home/hcoda1/4/hmanjunatha6/.conda/envs/carla/lib/python3.9/site-packages/pytorch_lightning/trainer/callback_hook.py", line 93, in on_train_epoch_end
    callback.on_train_epoch_end(self, self.lightning_module)
  File "/storage/home/hcoda1/4/hmanjunatha6/.conda/envs/carla/lib/python3.9/site-packages/pytorch_lightning/callbacks/model_checkpoint.py", line 321, in on_train_epoch_end
    self.save_checkpoint(trainer)
  File "/storage/home/hcoda1/4/hmanjunatha6/.conda/envs/carla/lib/python3.9/site-packages/pytorch_lightning/callbacks/model_checkpoint.py", line 385, in save_checkpoint
    self._validate_monitor_key(trainer)
  File "/storage/home/hcoda1/4/hmanjunatha6/.conda/envs/carla/lib/python3.9/site-packages/pytorch_lightning/callbacks/model_checkpoint.py", line 646, in _validate_monitor_key
    raise MisconfigurationException(m)
pytorch_lightning.utilities.exceptions.MisconfigurationException: ModelCheckpoint(monitor='val_loss') not found in the returned metrics: ['losses/val_loss', 'losses/train_loss']. HINT: Did you call self.log('val_loss', value) in the LightningModule?
Wed May  4 22:02:59 EDT 2022
Successfully completed
---------------------------------------
Begin PBS Epilogue Wed May  4 22:02:59 EDT 2022
Job ID:     4472538.sched-torque.pace.gatech.edu
User ID:    hmanjunatha6
Job name:   imitation
Resources:  nodes=1:ppn=4:gpus=1:RTX6000,pmem=8gb,walltime=20:00:00,neednodes=1:ppn=4:gpus=1:RTX6000
Rsrc Used:  cput=00:25:10,vmem=202414080kb,walltime=00:07:08,mem=3190444kb,energy_used=0
Queue:      inferno
Nodes:     
atl1-1-03-007-15.pace.gatech.edu
End PBS Epilogue Wed May  4 22:02:59 EDT 2022
---------------------------------------
---------------------------------------
Begin PBS Prologue Wed May  4 22:15:54 EDT 2022
Job ID:     4472568.sched-torque.pace.gatech.edu
User ID:    hmanjunatha6
Job name:   imitation
Queue:      inferno
End PBS Prologue Wed May  4 22:15:54 EDT 2022
---------------------------------------
stty: standard input: Inappropriate ioctl for device
/storage/home/hcoda1/4/hmanjunatha6/.conda/envs/carla/lib/python3.9/site-packages/torch/nn/modules/lazy.py:178: UserWarning: Lazy modules are a new feature under heavy development so changes to the API or functionality can happen at any moment.
  warnings.warn('Lazy modules are a new feature under heavy development '
GPU available: True, used: True
TPU available: False, using: 0 TPU cores
IPU available: False, using: 0 IPUs
LOCAL_RANK: 0 - CUDA_VISIBLE_DEVICES: [0]
/storage/home/hcoda1/4/hmanjunatha6/.conda/envs/carla/lib/python3.9/site-packages/pytorch_lightning/utilities/model_summary.py:438: UserWarning: A layer with UninitializedParameter was found. Thus, the total number of parameters detected may be inaccurate.
  warning_cache.warn(

  | Name | Type           | Params
----------------------------------------
0 | net  | CIRLBasePolicy | 1.7 M 
----------------------------------------
1.7 M     Trainable params
0         Non-trainable params
1.7 M     Total params
6.812     Total estimated model params size (MB)
/storage/home/hcoda1/4/hmanjunatha6/.conda/envs/carla/lib/python3.9/site-packages/pytorch_lightning/callbacks/model_checkpoint.py:631: UserWarning: Checkpoint directory /storage/scratch1/4/hmanjunatha6/carla-imitation-learning/logs/2022-05-04/WARMSTART exists and is not empty.
  rank_zero_warn(f"Checkpoint directory {dirpath} exists and is not empty.")
pygame 2.1.2 (SDL 2.0.16, Python 3.9.10)
Hello from the pygame community. https://www.pygame.org/contribute.html
[1;32mRunning the block    |  warm_starting[0m
[88mSkipping the block   |  warm_starting_with_future_latent[0m
[88mSkipping the block   |  algorithm_stats[0m
[88mSkipping the block   |  testing_logics[0m
[88mSkipping the block   |  figure_plotting[0m
[88mSkipping the block   |  replay_trained_model[0m
Thu May  5 07:12:15 EDT 2022
Successfully completed
---------------------------------------
Begin PBS Epilogue Thu May  5 07:12:15 EDT 2022
Job ID:     4472568.sched-torque.pace.gatech.edu
User ID:    hmanjunatha6
Job name:   imitation
Resources:  nodes=1:ppn=6:gpus=1:RTX6000,pmem=8gb,walltime=20:00:00,neednodes=1:ppn=6:gpus=1:RTX6000
Rsrc Used:  cput=40:19:34,vmem=105537424kb,walltime=08:56:21,mem=3194660kb,energy_used=0
Queue:      inferno
Nodes:     
atl1-1-03-007-15.pace.gatech.edu
End PBS Epilogue Thu May  5 07:12:15 EDT 2022
---------------------------------------
